{"D:\\Folder A1\\Delta Batch\\Fullstack Project\\DevEat\\src\\components\\Sum.js": {"path":"D:\\Folder A1\\Delta Batch\\Fullstack Project\\DevEat\\src\\components\\Sum.js","statementMap":{"0":{"start":{"line":1,"column":19},"end":{"line":1,"column":31}},"1":{"start":{"line":1,"column":28},"end":{"line":1,"column":31}}},"fnMap":{"0":{"name":"(anonymous_0)","decl":{"start":{"line":1,"column":19},"end":{"line":1,"column":20}},"loc":{"start":{"line":1,"column":28},"end":{"line":1,"column":31}},"line":1}},"branchMap":{},"s":{"0":1,"1":1},"f":{"0":1},"b":{},"_coverageSchema":"1a1c01bbd47fc00a2c39e90264f33305004495a9","hash":"d288c4ef105ceb02c15e48482b288ad4ef21cf41"}
}
